<?xml version="1.0" encoding="UTF-8"?>
<robot generator="Robot 6.1.1 (Python 3.12.0 on win32)" generated="20240606 19:33:59.159" rpa="false" schemaversion="4">
<suite id="s1" name="Test-1" source="C:\Users\Zipevent\Desktop\automated_test_basic\automated_test_basic\robotfrmaework\testscenario\test-1.robot">
<test id="s1-t1" name="TC_L_1 Verify that the user is able to log in successfully if the username and password are correct" line="7">
<kw name="Open Browser To Login Page" library="keyword_login">
<kw name="Open Browser" library="SeleniumLibrary">
<arg>${baseURL}${login_path}</arg>
<arg>${BROWSER}</arg>
<doc>Opens a new browser instance to the optional ``url``.</doc>
<msg timestamp="20240606 19:33:59.322" level="INFO">Opening browser 'chrome' to base url 'https://practicetestautomation.com/practice-test-login/'.</msg>
<status status="PASS" starttime="20240606 19:33:59.322" endtime="20240606 19:34:04.640"/>
</kw>
<status status="PASS" starttime="20240606 19:33:59.321" endtime="20240606 19:34:04.640"/>
</kw>
<kw name="Input Username And Password" library="keyword_login">
<arg>${valid_username}</arg>
<arg>${valid_password}</arg>
<kw name="Input Text" library="SeleniumLibrary">
<arg>${username_textfiled}</arg>
<arg>${username}</arg>
<doc>Types the given ``text`` into the text field identified by ``locator``.</doc>
<msg timestamp="20240606 19:34:04.643" level="INFO">Typing text 'student' into text field 'id=username'.</msg>
<status status="PASS" starttime="20240606 19:34:04.642" endtime="20240606 19:34:04.784"/>
</kw>
<kw name="Input Text" library="SeleniumLibrary">
<arg>${password_textfield}</arg>
<arg>${password}</arg>
<doc>Types the given ``text`` into the text field identified by ``locator``.</doc>
<msg timestamp="20240606 19:34:04.784" level="INFO">Typing text 'Password123' into text field 'id=password'.</msg>
<status status="PASS" starttime="20240606 19:34:04.784" endtime="20240606 19:34:04.901"/>
</kw>
<kw name="Click Button" library="SeleniumLibrary">
<arg>${submit_login}</arg>
<doc>Clicks the button identified by ``locator``.</doc>
<msg timestamp="20240606 19:34:04.902" level="INFO">Clicking button 'id=submit'.</msg>
<status status="PASS" starttime="20240606 19:34:04.901" endtime="20240606 19:34:05.700"/>
</kw>
<status status="PASS" starttime="20240606 19:34:04.641" endtime="20240606 19:34:05.700"/>
</kw>
<kw name="Wait Until Location Is" library="SeleniumLibrary">
<arg>${baseURL}${expect_login_path}</arg>
<arg>10</arg>
<doc>Waits until the current URL is ``expected``.</doc>
<status status="PASS" starttime="20240606 19:34:05.700" endtime="20240606 19:34:05.708"/>
</kw>
<kw name="Close Browser" library="SeleniumLibrary">
<doc>Closes the current browser.</doc>
<status status="PASS" starttime="20240606 19:34:05.709" endtime="20240606 19:34:07.852"/>
</kw>
<status status="PASS" starttime="20240606 19:33:59.321" endtime="20240606 19:34:07.852"/>
</test>
<test id="s1-t2" name="TC_L_2 Verify that the user is not able to log in if the username is incorrect." line="14">
<kw name="Open Browser To Login Page" library="keyword_login">
<kw name="Open Browser" library="SeleniumLibrary">
<arg>${baseURL}${login_path}</arg>
<arg>${BROWSER}</arg>
<doc>Opens a new browser instance to the optional ``url``.</doc>
<msg timestamp="20240606 19:34:07.855" level="INFO">Opening browser 'chrome' to base url 'https://practicetestautomation.com/practice-test-login/'.</msg>
<status status="PASS" starttime="20240606 19:34:07.854" endtime="20240606 19:34:12.539"/>
</kw>
<status status="PASS" starttime="20240606 19:34:07.854" endtime="20240606 19:34:12.539"/>
</kw>
<kw name="Input Username And Password" library="keyword_login">
<arg>${invalid_username}</arg>
<arg>${valid_password}</arg>
<kw name="Input Text" library="SeleniumLibrary">
<arg>${username_textfiled}</arg>
<arg>${username}</arg>
<doc>Types the given ``text`` into the text field identified by ``locator``.</doc>
<msg timestamp="20240606 19:34:12.540" level="INFO">Typing text 'abcdefg' into text field 'id=username'.</msg>
<status status="PASS" starttime="20240606 19:34:12.540" endtime="20240606 19:34:12.727"/>
</kw>
<kw name="Input Text" library="SeleniumLibrary">
<arg>${password_textfield}</arg>
<arg>${password}</arg>
<doc>Types the given ``text`` into the text field identified by ``locator``.</doc>
<msg timestamp="20240606 19:34:12.727" level="INFO">Typing text 'Password123' into text field 'id=password'.</msg>
<status status="PASS" starttime="20240606 19:34:12.727" endtime="20240606 19:34:12.857"/>
</kw>
<kw name="Click Button" library="SeleniumLibrary">
<arg>${submit_login}</arg>
<doc>Clicks the button identified by ``locator``.</doc>
<msg timestamp="20240606 19:34:12.857" level="INFO">Clicking button 'id=submit'.</msg>
<status status="PASS" starttime="20240606 19:34:12.857" endtime="20240606 19:34:12.950"/>
</kw>
<status status="PASS" starttime="20240606 19:34:12.540" endtime="20240606 19:34:12.950"/>
</kw>
<kw name="Wait Until Page Contains" library="SeleniumLibrary">
<arg>${expect_login_path}</arg>
<arg>10</arg>
<doc>Waits until ``text`` appears on the current page.</doc>
<status status="PASS" starttime="20240606 19:34:12.950" endtime="20240606 19:34:12.980"/>
</kw>
<kw name="Close Browser" library="SeleniumLibrary">
<doc>Closes the current browser.</doc>
<status status="PASS" starttime="20240606 19:34:12.981" endtime="20240606 19:34:15.180"/>
</kw>
<status status="PASS" starttime="20240606 19:34:07.854" endtime="20240606 19:34:15.180"/>
</test>
<status status="PASS" starttime="20240606 19:33:59.160" endtime="20240606 19:34:15.182"/>
</suite>
<statistics>
<total>
<stat pass="2" fail="0" skip="0">All Tests</stat>
</total>
<tag>
</tag>
<suite>
<stat pass="2" fail="0" skip="0" id="s1" name="Test-1">Test-1</stat>
</suite>
</statistics>
<errors>
</errors>
</robot>
